2023-12-18 11:14:28.860 EET [940] LOG:  database system was shut down at 2023-12-18 13:10:17 EET
2023-12-18 12:24:23.449 EET [1312] LOG:  checkpoint starting: time
2023-12-18 12:24:23.591 EET [1312] LOG:  checkpoint complete: wrote 4 buffers (0.0%); 0 WAL file(s) added, 0 removed, 0 recycled; write=0.111 s, sync=0.011 s, total=0.143 s; sync files=3, longest=0.005 s, average=0.004 s; distance=6 kB, estimate=6 kB; lsn=0/1AC6150, redo lsn=0/1AC6118
2023-12-18 13:14:23.681 EET [1312] LOG:  checkpoint starting: time
2023-12-18 13:14:24.466 EET [1312] LOG:  checkpoint complete: wrote 8 buffers (0.0%); 0 WAL file(s) added, 0 removed, 0 recycled; write=0.746 s, sync=0.019 s, total=0.786 s; sync files=8, longest=0.004 s, average=0.003 s; distance=31 kB, estimate=31 kB; lsn=0/1ACDF20, redo lsn=0/1ACDEE8
2023-12-18 13:18:57.154 EET [9228] LOG:  invalid length of startup packet
2023-12-18 13:18:57.210 EET [7568] LOG:  invalid length of startup packet
2023-12-18 13:18:57.259 EET [4788] LOG:  invalid length of startup packet
2023-12-18 13:18:57.292 EET [6064] LOG:  invalid length of startup packet
2023-12-18 13:18:57.324 EET [4128] LOG:  invalid length of startup packet
2023-12-18 13:18:57.382 EET [4432] LOG:  invalid length of startup packet
2023-12-18 13:18:57.444 EET [2576] LOG:  invalid length of startup packet
2023-12-18 13:18:57.498 EET [6300] LOG:  invalid length of startup packet
2023-12-18 13:18:57.529 EET [9512] LOG:  invalid length of startup packet
2023-12-18 13:18:57.564 EET [1300] LOG:  invalid length of startup packet
2023-12-18 13:19:23.477 EET [1312] LOG:  checkpoint starting: time
2023-12-18 13:19:23.726 EET [1312] LOG:  checkpoint complete: wrote 2 buffers (0.0%); 0 WAL file(s) added, 0 removed, 0 recycled; write=0.226 s, sync=0.006 s, total=0.249 s; sync files=2, longest=0.004 s, average=0.003 s; distance=8 kB, estimate=29 kB; lsn=0/1ACFF28, redo lsn=0/1ACFEF0
2023-12-18 14:19:50.018 EET [5188] ERROR:  foreign key constraint "dota2_heroes_hero_ability_ids_fkey" cannot be implemented
2023-12-18 14:19:50.018 EET [5188] DETAIL:  Key columns "hero_ability_ids" and "ability_id" are of incompatible types: integer[] and integer.
2023-12-18 14:19:50.018 EET [5188] STATEMENT:  CREATE TABLE dota2_heroes (
	    hero_id SERIAL PRIMARY KEY,
	    hero_name VARCHAR(255) NOT NULL,
	    hero_description TEXT,
	    hero_story TEXT,
	    hero_photo_url VARCHAR(255),
	    hero_ability_ids INT[] REFERENCES hero_abilities(ability_id)
	);
	
2023-12-18 14:22:19.186 EET [1312] LOG:  checkpoint starting: time
2023-12-18 14:22:23.415 EET [1312] LOG:  checkpoint complete: wrote 39 buffers (0.2%); 0 WAL file(s) added, 0 removed, 0 recycled; write=4.145 s, sync=0.065 s, total=4.230 s; sync files=39, longest=0.005 s, average=0.002 s; distance=176 kB, estimate=176 kB; lsn=0/1AFBFB0, redo lsn=0/1AFBF78
2023-12-18 20:21:41.872 EET [5188] ERROR:  foreign key constraint "dota2_heroes_hero_ability_ids_fkey" cannot be implemented
2023-12-18 20:21:41.872 EET [5188] DETAIL:  Key columns "hero_ability_ids" and "ability_id" are of incompatible types: integer[] and integer.
2023-12-18 20:21:41.872 EET [5188] STATEMENT:  CREATE TABLE dota2_heroes (
	    hero_id SERIAL PRIMARY KEY,
	    hero_name VARCHAR(255) NOT NULL,
	    hero_description TEXT,
	    hero_story TEXT,
	    hero_photo_url VARCHAR(255),
	    hero_ability_ids INTEGER[] REFERENCES hero_abilities(ability_id)
	);
	
2023-12-19 06:41:28.277 EET [1312] LOG:  checkpoint starting: time
2023-12-19 06:41:32.369 EET [1312] LOG:  checkpoint complete: wrote 36 buffers (0.2%); 0 WAL file(s) added, 0 removed, 0 recycled; write=4.035 s, sync=0.041 s, total=4.093 s; sync files=35, longest=0.002 s, average=0.002 s; distance=154 kB, estimate=173 kB; lsn=0/1B22830, redo lsn=0/1B227F8
2023-12-19 06:51:28.403 EET [1312] LOG:  checkpoint starting: time
2023-12-19 06:51:34.224 EET [1312] LOG:  checkpoint complete: wrote 54 buffers (0.3%); 0 WAL file(s) added, 0 removed, 0 recycled; write=5.755 s, sync=0.054 s, total=5.822 s; sync files=52, longest=0.002 s, average=0.002 s; distance=245 kB, estimate=245 kB; lsn=0/1B5FCA8, redo lsn=0/1B5FC70
2023-12-19 08:56:28.688 EET [1312] LOG:  checkpoint starting: time
2023-12-19 08:56:30.262 EET [1312] LOG:  checkpoint complete: wrote 15 buffers (0.1%); 0 WAL file(s) added, 0 removed, 0 recycled; write=1.549 s, sync=0.014 s, total=1.574 s; sync files=8, longest=0.003 s, average=0.002 s; distance=30 kB, estimate=223 kB; lsn=0/1B677E0, redo lsn=0/1B677A8
2023-12-19 09:11:28.284 EET [1312] LOG:  checkpoint starting: time
2023-12-19 09:11:28.716 EET [1312] LOG:  checkpoint complete: wrote 5 buffers (0.0%); 0 WAL file(s) added, 0 removed, 0 recycled; write=0.406 s, sync=0.011 s, total=0.432 s; sync files=4, longest=0.004 s, average=0.003 s; distance=2 kB, estimate=201 kB; lsn=0/1B68038, redo lsn=0/1B67FE8
2023-12-19 10:12:00.556 EET [1312] LOG:  checkpoint starting: time
2023-12-19 10:12:00.943 EET [1312] LOG:  checkpoint complete: wrote 4 buffers (0.0%); 0 WAL file(s) added, 0 removed, 0 recycled; write=0.355 s, sync=0.009 s, total=0.387 s; sync files=4, longest=0.004 s, average=0.003 s; distance=3 kB, estimate=181 kB; lsn=0/1B68DE0, redo lsn=0/1B68DA8
2023-12-19 10:17:00.949 EET [1312] LOG:  checkpoint starting: time
2023-12-19 10:17:01.084 EET [1312] LOG:  checkpoint complete: wrote 2 buffers (0.0%); 0 WAL file(s) added, 0 removed, 0 recycled; write=0.117 s, sync=0.006 s, total=0.136 s; sync files=2, longest=0.004 s, average=0.003 s; distance=6 kB, estimate=164 kB; lsn=0/1B6A728, redo lsn=0/1B6A6F0
2023-12-19 10:22:00.092 EET [1312] LOG:  checkpoint starting: time
2023-12-19 10:22:00.239 EET [1312] LOG:  checkpoint complete: wrote 2 buffers (0.0%); 0 WAL file(s) added, 0 removed, 0 recycled; write=0.116 s, sync=0.005 s, total=0.148 s; sync files=2, longest=0.003 s, average=0.003 s; distance=9 kB, estimate=148 kB; lsn=0/1B6CEC0, redo lsn=0/1B6CE88
2023-12-19 10:32:57.923 EET [11504] LOG:  could not receive data from client: An existing connection was forcibly closed by the remote host.
	
2023-12-19 10:32:57.924 EET [11540] LOG:  could not receive data from client: An existing connection was forcibly closed by the remote host.
	
2023-12-19 10:32:57.927 EET [5800] LOG:  could not receive data from client: An existing connection was forcibly closed by the remote host.
	
2023-12-19 10:32:57.927 EET [11316] LOG:  could not receive data from client: An existing connection was forcibly closed by the remote host.
	
2023-12-20 11:00:33.616 EET [10740] FATAL:  password authentication failed for user "postgres"
2023-12-20 11:00:33.616 EET [10740] DETAIL:  Connection matched file "C:/Program Files/PostgreSQL/16/data/pg_hba.conf" line 117: "host    all             all             ::1/128                 scram-sha-256"
2023-12-20 12:54:17.763 EET [11084] LOG:  could not receive data from client: An existing connection was forcibly closed by the remote host.
	
2023-12-20 12:54:17.764 EET [12728] LOG:  could not receive data from client: An existing connection was forcibly closed by the remote host.
	
2023-12-20 12:54:17.764 EET [5400] LOG:  could not receive data from client: An existing connection was forcibly closed by the remote host.
	
2023-12-20 12:54:17.765 EET [4032] LOG:  could not receive data from client: An existing connection was forcibly closed by the remote host.
	
